<?xml version="1.0" encoding="UTF-8"?>
<testsuites>
  <testsuite name="hello" timestamp="2024-07-08T09:28:14Z" hostname="3e22a54230cc" tests="3" skipped="0" failures="0" errors="0" time="0.202">
    <testcase time="0.011" classname="hello" name="hello_works"/>
    <testcase time="0.179" classname="hello" name="hello_cli_works"/>
    <testcase time="0.012" classname="hello" name="fix_me_"/>
  </testsuite>
</testsuites>
